Info: Starting: Create block symbol file (.bsf)
Info: ip-generate --project-directory=C:/PSE/fourth_pse_actvt/hardware/qsys/SoC1/ --output-directory=C:/PSE/fourth_pse_actvt/hardware/qsys/SoC1/SoC1/ --report-file=bsf:C:/PSE/fourth_pse_actvt/hardware/qsys/SoC1/SoC1.bsf --system-info=DEVICE_FAMILY="Cyclone III" --system-info=DEVICE=EP3C25F324C6 --system-info=DEVICE_SPEEDGRADE=6 --component-file=C:/PSE/fourth_pse_actvt/hardware/qsys/SoC1/SoC1.qsys
Progress: Loading SoC1/SoC1.qsys
Progress: Reading input file
Progress: Adding CLK [clock_source 13.0]
Progress: Parameterizing module CLK
Progress: Adding NIOS [altera_nios2_qsys 13.0]
Progress: Parameterizing module NIOS
Progress: Adding RAM [altera_avalon_onchip_memory2 13.0.1]
Progress: Parameterizing module RAM
Progress: Adding JTAG [altera_avalon_jtag_uart 13.0.1]
Progress: Parameterizing module JTAG
Progress: Adding PCU [altera_avalon_performance_counter 13.0.1]
Progress: Parameterizing module PCU
Progress: Adding SYSID [altera_avalon_sysid_qsys 13.0]
Progress: Parameterizing module SYSID
Progress: Adding RECEIVE_REQ [altera_avalon_pio 13.0.1]
Progress: Parameterizing module RECEIVE_REQ
Progress: Adding REQ [altera_avalon_pio 13.0.1]
Progress: Parameterizing module REQ
Progress: Adding RECEIVE_ACK [altera_avalon_pio 13.0.1]
Progress: Parameterizing module RECEIVE_ACK
Progress: Adding ACK [altera_avalon_pio 13.0.1]
Progress: Parameterizing module ACK
Progress: Building connections
Progress: Parameterizing connections
Progress: Validating
Progress: Done reading input file
Info: SoC1.SYSID: System ID is not assigned automatically. Edit the System ID parameter to provide a unique ID
Info: SoC1.SYSID: Time stamp will be automatically updated when this component is generated.
Info: SoC1.RECEIVE_REQ: PIO inputs are not hardwired in test bench. Undefined values will be read from PIO inputs during simulation.
Info: SoC1.RECEIVE_ACK: PIO inputs are not hardwired in test bench. Undefined values will be read from PIO inputs during simulation.
Info: ip-generate succeeded.
Info: Finished: Create block symbol file (.bsf)
Info: 
Info: Starting: Create HDL design files for synthesis
Info: ip-generate --project-directory=C:/PSE/fourth_pse_actvt/hardware/qsys/SoC1/ --output-directory=C:/PSE/fourth_pse_actvt/hardware/qsys/SoC1/SoC1/synthesis/ --file-set=QUARTUS_SYNTH --report-file=sopcinfo:C:/PSE/fourth_pse_actvt/hardware/qsys/SoC1/SoC1.sopcinfo --report-file=html:C:/PSE/fourth_pse_actvt/hardware/qsys/SoC1/SoC1.html --report-file=qip:C:/PSE/fourth_pse_actvt/hardware/qsys/SoC1/SoC1/synthesis/SoC1.qip --report-file=cmp:C:/PSE/fourth_pse_actvt/hardware/qsys/SoC1/SoC1.cmp --system-info=DEVICE_FAMILY="Cyclone III" --system-info=DEVICE=EP3C25F324C6 --system-info=DEVICE_SPEEDGRADE=6 --component-file=C:/PSE/fourth_pse_actvt/hardware/qsys/SoC1/SoC1.qsys --language=VERILOG
Progress: Loading SoC1/SoC1.qsys
Progress: Reading input file
Progress: Adding CLK [clock_source 13.0]
Progress: Parameterizing module CLK
Progress: Adding NIOS [altera_nios2_qsys 13.0]
Progress: Parameterizing module NIOS
Progress: Adding RAM [altera_avalon_onchip_memory2 13.0.1]
Progress: Parameterizing module RAM
Progress: Adding JTAG [altera_avalon_jtag_uart 13.0.1]
Progress: Parameterizing module JTAG
Progress: Adding PCU [altera_avalon_performance_counter 13.0.1]
Progress: Parameterizing module PCU
Progress: Adding SYSID [altera_avalon_sysid_qsys 13.0]
Progress: Parameterizing module SYSID
Progress: Adding RECEIVE_REQ [altera_avalon_pio 13.0.1]
Progress: Parameterizing module RECEIVE_REQ
Progress: Adding REQ [altera_avalon_pio 13.0.1]
Progress: Parameterizing module REQ
Progress: Adding RECEIVE_ACK [altera_avalon_pio 13.0.1]
Progress: Parameterizing module RECEIVE_ACK
Progress: Adding ACK [altera_avalon_pio 13.0.1]
Progress: Parameterizing module ACK
Progress: Building connections
Progress: Parameterizing connections
Progress: Validating
Progress: Done reading input file
Info: SoC1.SYSID: System ID is not assigned automatically. Edit the System ID parameter to provide a unique ID
Info: SoC1.SYSID: Time stamp will be automatically updated when this component is generated.
Info: SoC1.RECEIVE_REQ: PIO inputs are not hardwired in test bench. Undefined values will be read from PIO inputs during simulation.
Info: SoC1.RECEIVE_ACK: PIO inputs are not hardwired in test bench. Undefined values will be read from PIO inputs during simulation.
Info: SoC1: Generating SoC1 "SoC1" for QUARTUS_SYNTH
Info: pipeline_bridge_swap_transform: After transform: 10 modules, 38 connections
Info: No custom instruction connections, skipping transform 
Info: merlin_translator_transform: After transform: 21 modules, 79 connections
Info: merlin_domain_transform: After transform: 42 modules, 214 connections
Info: merlin_router_transform: After transform: 53 modules, 255 connections
Info: reset_adaptation_transform: After transform: 55 modules, 212 connections
Info: merlin_network_to_switch_transform: After transform: 76 modules, 256 connections
Info: merlin_mm_transform: After transform: 76 modules, 256 connections
Info: merlin_interrupt_mapper_transform: After transform: 77 modules, 259 connections
Info: NIOS: Starting RTL generation for module 'SoC1_NIOS'
Info: NIOS:   Generation command is [exec C:/altera/13.0/quartus/../ip/altera/nios2_ip/altera_nios2/eperl.exe -I C:/altera/13.0/quartus/common/ip/altera/common/perl/5.8.3 -I C:/altera/13.0/quartus/sopc_builder/bin/europa -I C:/altera/13.0/quartus/sopc_builder/bin/perl_lib -I C:/altera/13.0/quartus/sopc_builder/bin -I C:/altera/13.0/quartus/../ip/altera/nios2_ip/altera_nios2/cpu_lib -I C:/altera/13.0/quartus/../ip/altera/nios2_ip/altera_nios2/nios_lib -I C:/altera/13.0/quartus/../ip/altera/nios2_ip/altera_nios2 -I C:/altera/13.0/quartus/../ip/altera/nios2_ip/altera_nios2 -- C:/altera/13.0/quartus/../ip/altera/nios2_ip/altera_nios2/generate_rtl.epl --name=SoC1_NIOS --dir=C:/Users/ohgh0/AppData/Local/Temp/alt0027_6176755170854037084.dir/0001_NIOS_gen/ --quartus_dir=C:/altera/13.0/quartus --verilog --config=C:/Users/ohgh0/AppData/Local/Temp/alt0027_6176755170854037084.dir/0001_NIOS_gen//SoC1_NIOS_processor_configuration.pl  --do_build_sim=0    --bogus  ]
Info: NIOS: # 2024.10.31 10:42:05 (*) Starting Nios II generation
Info: NIOS: # 2024.10.31 10:42:05 (*)   Checking for plaintext license.
Info: NIOS: # 2024.10.31 10:42:06 (*)   Couldn't query license setup in Quartus directory C:/altera/13.0/quartus
Info: NIOS: # 2024.10.31 10:42:06 (*)   Defaulting to contents of LM_LICENSE_FILE environment variable
Info: NIOS: # 2024.10.31 10:42:06 (*)   LM_LICENSE_FILE environment variable is empty
Info: NIOS: # 2024.10.31 10:42:06 (*)   Plaintext license not found.
Info: NIOS: # 2024.10.31 10:42:06 (*)   No license required to generate encrypted Nios II/e.
Info: NIOS: # 2024.10.31 10:42:06 (*)   Elaborating CPU configuration settings
Info: NIOS: # 2024.10.31 10:42:06 (*)   Creating all objects for CPU
Info: NIOS: # 2024.10.31 10:42:06 (*)   Generating RTL from CPU objects
Info: NIOS: # 2024.10.31 10:42:06 (*)   Creating plain-text RTL
Info: NIOS: # 2024.10.31 10:42:08 (*) Done Nios II generation
Info: NIOS: Done RTL generation for module 'SoC1_NIOS'
Info: NIOS: "SoC1" instantiated altera_nios2_qsys "NIOS"
Info: RAM: Starting RTL generation for module 'SoC1_RAM'
Info: RAM:   Generation command is [exec C:/altera/13.0/quartus/bin/perl/bin/perl.exe -I C:/altera/13.0/quartus/common/ip/altera/common/perl/5.8.3 -I C:/altera/13.0/quartus/sopc_builder/bin/europa -I C:/altera/13.0/quartus/sopc_builder/bin/perl_lib -I C:/altera/13.0/quartus/sopc_builder/bin -I C:/altera/13.0/quartus/../ip/altera/sopc_builder_ip/common -I C:/altera/13.0/quartus/../ip/altera/sopc_builder_ip/altera_avalon_onchip_memory2 -- C:/altera/13.0/quartus/../ip/altera/sopc_builder_ip/altera_avalon_onchip_memory2/generate_rtl.pl --name=SoC1_RAM --dir=C:/Users/ohgh0/AppData/Local/Temp/alt0027_6176755170854037084.dir/0002_RAM_gen/ --quartus_dir=C:/altera/13.0/quartus --verilog --config=C:/Users/ohgh0/AppData/Local/Temp/alt0027_6176755170854037084.dir/0002_RAM_gen//SoC1_RAM_component_configuration.pl  --do_build_sim=0  ]
Info: RAM: Done RTL generation for module 'SoC1_RAM'
Info: RAM: "SoC1" instantiated altera_avalon_onchip_memory2 "RAM"
Info: JTAG: Starting RTL generation for module 'SoC1_JTAG'
Info: JTAG:   Generation command is [exec C:/altera/13.0/quartus/bin/perl/bin/perl.exe -I C:/altera/13.0/quartus/common/ip/altera/common/perl/5.8.3 -I C:/altera/13.0/quartus/sopc_builder/bin/europa -I C:/altera/13.0/quartus/sopc_builder/bin/perl_lib -I C:/altera/13.0/quartus/sopc_builder/bin -I C:/altera/13.0/quartus/../ip/altera/sopc_builder_ip/common -I C:/altera/13.0/quartus/../ip/altera/sopc_builder_ip/altera_avalon_jtag_uart -- C:/altera/13.0/quartus/../ip/altera/sopc_builder_ip/altera_avalon_jtag_uart/generate_rtl.pl --name=SoC1_JTAG --dir=C:/Users/ohgh0/AppData/Local/Temp/alt0027_6176755170854037084.dir/0003_JTAG_gen/ --quartus_dir=C:/altera/13.0/quartus --verilog --config=C:/Users/ohgh0/AppData/Local/Temp/alt0027_6176755170854037084.dir/0003_JTAG_gen//SoC1_JTAG_component_configuration.pl  --do_build_sim=0  ]
Info: JTAG: Done RTL generation for module 'SoC1_JTAG'
Info: JTAG: "SoC1" instantiated altera_avalon_jtag_uart "JTAG"
Info: PCU: Starting RTL generation for module 'SoC1_PCU'
Info: PCU:   Generation command is [exec C:/altera/13.0/quartus/bin/perl/bin/perl.exe -I C:/altera/13.0/quartus/common/ip/altera/common/perl/5.8.3 -I C:/altera/13.0/quartus/sopc_builder/bin/europa -I C:/altera/13.0/quartus/sopc_builder/bin/perl_lib -I C:/altera/13.0/quartus/sopc_builder/bin -I C:/altera/13.0/quartus/../ip/altera/sopc_builder_ip/common -I C:/altera/13.0/quartus/../ip/altera/sopc_builder_ip/altera_avalon_performance_counter -- C:/altera/13.0/quartus/../ip/altera/sopc_builder_ip/altera_avalon_performance_counter/generate_rtl.pl --name=SoC1_PCU --dir=C:/Users/ohgh0/AppData/Local/Temp/alt0027_6176755170854037084.dir/0004_PCU_gen/ --quartus_dir=C:/altera/13.0/quartus --verilog --config=C:/Users/ohgh0/AppData/Local/Temp/alt0027_6176755170854037084.dir/0004_PCU_gen//SoC1_PCU_component_configuration.pl  --do_build_sim=0  ]
Info: PCU: Done RTL generation for module 'SoC1_PCU'
Info: PCU: "SoC1" instantiated altera_avalon_performance_counter "PCU"
Info: SYSID: "SoC1" instantiated altera_avalon_sysid_qsys "SYSID"
Info: RECEIVE_REQ: Starting RTL generation for module 'SoC1_RECEIVE_REQ'
Info: RECEIVE_REQ:   Generation command is [exec C:/altera/13.0/quartus/bin/perl/bin/perl.exe -I C:/altera/13.0/quartus/common/ip/altera/common/perl/5.8.3 -I C:/altera/13.0/quartus/sopc_builder/bin/europa -I C:/altera/13.0/quartus/sopc_builder/bin/perl_lib -I C:/altera/13.0/quartus/sopc_builder/bin -I C:/altera/13.0/quartus/../ip/altera/sopc_builder_ip/common -I C:/altera/13.0/quartus/../ip/altera/sopc_builder_ip/altera_avalon_pio -- C:/altera/13.0/quartus/../ip/altera/sopc_builder_ip/altera_avalon_pio/generate_rtl.pl --name=SoC1_RECEIVE_REQ --dir=C:/Users/ohgh0/AppData/Local/Temp/alt0027_6176755170854037084.dir/0006_RECEIVE_REQ_gen/ --quartus_dir=C:/altera/13.0/quartus --verilog --config=C:/Users/ohgh0/AppData/Local/Temp/alt0027_6176755170854037084.dir/0006_RECEIVE_REQ_gen//SoC1_RECEIVE_REQ_component_configuration.pl  --do_build_sim=0  ]
Info: RECEIVE_REQ: Done RTL generation for module 'SoC1_RECEIVE_REQ'
Info: RECEIVE_REQ: "SoC1" instantiated altera_avalon_pio "RECEIVE_REQ"
Info: REQ: Starting RTL generation for module 'SoC1_REQ'
Info: REQ:   Generation command is [exec C:/altera/13.0/quartus/bin/perl/bin/perl.exe -I C:/altera/13.0/quartus/common/ip/altera/common/perl/5.8.3 -I C:/altera/13.0/quartus/sopc_builder/bin/europa -I C:/altera/13.0/quartus/sopc_builder/bin/perl_lib -I C:/altera/13.0/quartus/sopc_builder/bin -I C:/altera/13.0/quartus/../ip/altera/sopc_builder_ip/common -I C:/altera/13.0/quartus/../ip/altera/sopc_builder_ip/altera_avalon_pio -- C:/altera/13.0/quartus/../ip/altera/sopc_builder_ip/altera_avalon_pio/generate_rtl.pl --name=SoC1_REQ --dir=C:/Users/ohgh0/AppData/Local/Temp/alt0027_6176755170854037084.dir/0007_REQ_gen/ --quartus_dir=C:/altera/13.0/quartus --verilog --config=C:/Users/ohgh0/AppData/Local/Temp/alt0027_6176755170854037084.dir/0007_REQ_gen//SoC1_REQ_component_configuration.pl  --do_build_sim=0  ]
Info: REQ: Done RTL generation for module 'SoC1_REQ'
Info: REQ: "SoC1" instantiated altera_avalon_pio "REQ"
Info: NIOS_instruction_master_translator: "SoC1" instantiated altera_merlin_master_translator "NIOS_instruction_master_translator"
Info: NIOS_jtag_debug_module_translator: "SoC1" instantiated altera_merlin_slave_translator "NIOS_jtag_debug_module_translator"
Info: NIOS_instruction_master_translator_avalon_universal_master_0_agent: "SoC1" instantiated altera_merlin_master_agent "NIOS_instruction_master_translator_avalon_universal_master_0_agent"
Info: NIOS_jtag_debug_module_translator_avalon_universal_slave_0_agent: "SoC1" instantiated altera_merlin_slave_agent "NIOS_jtag_debug_module_translator_avalon_universal_slave_0_agent"
Info: NIOS_jtag_debug_module_translator_avalon_universal_slave_0_agent_rsp_fifo: "SoC1" instantiated altera_avalon_sc_fifo "NIOS_jtag_debug_module_translator_avalon_universal_slave_0_agent_rsp_fifo"
Info: addr_router: "SoC1" instantiated altera_merlin_router "addr_router"
Info: addr_router_001: "SoC1" instantiated altera_merlin_router "addr_router_001"
Info: id_router: "SoC1" instantiated altera_merlin_router "id_router"
Info: id_router_002: "SoC1" instantiated altera_merlin_router "id_router_002"
Info: rst_controller: "SoC1" instantiated altera_reset_controller "rst_controller"
Info: cmd_xbar_demux: "SoC1" instantiated altera_merlin_demultiplexer "cmd_xbar_demux"
Info: cmd_xbar_demux_001: "SoC1" instantiated altera_merlin_demultiplexer "cmd_xbar_demux_001"
Info: cmd_xbar_mux: "SoC1" instantiated altera_merlin_multiplexer "cmd_xbar_mux"
Info: rsp_xbar_demux_002: "SoC1" instantiated altera_merlin_demultiplexer "rsp_xbar_demux_002"
Info: rsp_xbar_mux: "SoC1" instantiated altera_merlin_multiplexer "rsp_xbar_mux"
Info: Reusing file C:/PSE/fourth_pse_actvt/hardware/qsys/SoC1/SoC1/synthesis/submodules/altera_merlin_arbitrator.sv
Info: rsp_xbar_mux_001: "SoC1" instantiated altera_merlin_multiplexer "rsp_xbar_mux_001"
Info: Reusing file C:/PSE/fourth_pse_actvt/hardware/qsys/SoC1/SoC1/synthesis/submodules/altera_merlin_arbitrator.sv
Info: irq_mapper: "SoC1" instantiated altera_irq_mapper "irq_mapper"
Info: SoC1: Done SoC1" with 25 modules, 95 files, 1857091 bytes
Info: ip-generate succeeded.
Info: Finished: Create HDL design files for synthesis
