
**** Build of configuration Nios II for project SoC1 ****

make all 
      1 [main] sh 16840 find_fast_cwd: WARNING: Couldn't compute FAST_CWD pointer.  Please report this problem to
the public mailing list cygwin@cygwin.com
      1 [main] sh 16268 find_fast_cwd: WARNING: Couldn't compute FAST_CWD pointer.  Please report this problem to
the public mailing list cygwin@cygwin.com
      0 [main] echo 5980 find_fast_cwd: WARNING: Couldn't compute FAST_CWD pointer.  Please report this problem to
Info: Building ../SoC1_bsp/
the public mailing list cygwin@cygwin.com
make --no-print-directory -C ../SoC1_bsp/
      0 [main] pwd 14780 find_fast_cwd: WARNING: Couldn't compute FAST_CWD pointer.  Please report this problem to
the public mailing list cygwin@cygwin.com
      1 [main] sh 1644 find_fast_cwd: WARNING: Couldn't compute FAST_CWD pointer.  Please report this problem to
the public mailing list cygwin@cygwin.com
      3 [main] sh 15200 find_fast_cwd: WARNING: Couldn't compute FAST_CWD pointer.  Please report this problem to
the public mailing list cygwin@cygwin.com
[BSP build complete]
      1 [main] echo 16056 find_fast_cwd: WARNING: Couldn't compute FAST_CWD pointer.  Please report this problem to
Info: Compiling SoC1.c to obj/default/SoC1.o
the public mailing list cygwin@cygwin.com
      1 [main] mkdir 4940 find_fast_cwd: WARNING: Couldn't compute FAST_CWD pointer.  Please report this problem to
nios2-elf-gcc -xc -MP -MMD -c -I../SoC1_bsp//HAL/inc -I../SoC1_bsp/ -I../SoC1_bsp//drivers/inc  -DSYSTEM_BUS_WIDTH=32 -pipe -D__hal__ -DALT_NO_C_PLUS_PLUS -DALT_NO_INSTRUCTION_EMULATION -DALT_USE_SMALL_DRIVERS -DSMALL_C_LIB -DALT_SINGLE_THREADED    -O0 -g -Wall   -EL -mno-hw-div -mno-hw-mul -mno-hw-mulx  -o obj/default/SoC1.o SoC1.c
the public mailing list cygwin@cygwin.com
      1 [main] true 15844 find_fast_cwd: WARNING: Couldn't compute FAST_CWD pointer.  Please report this problem to
the public mailing list cygwin@cygwin.com
      1 [main] echo 5676 find_fast_cwd: WARNING: Couldn't compute FAST_CWD pointer.  Please report this problem to
Info: Linking SoC1.elf
the public mailing list cygwin@cygwin.com
nios2-elf-g++  -T'../SoC1_bsp//linker.x' -msys-crt0='../SoC1_bsp//obj/HAL/src/crt0.o' -msys-lib=hal_bsp -L../SoC1_bsp/  -msmallc  -Wl,-Map=SoC1.map   -O0 -g -Wall   -EL -mno-hw-div -mno-hw-mul -mno-hw-mulx  -o SoC1.elf obj/default/SoC1.o -lm 
nios2-elf-insert SoC1.elf --thread_model hal --cpu_name NIOS --qsys true --simulation_enabled false --id 0 --sidp 0x21080 --timestamp 1729828992 --stderr_dev JTAG --stdin_dev JTAG --stdout_dev JTAG --sopc_system_name SoC1 --quartus_project_dir "C:/QSis/FisrtProjetcPSE" --sopcinfo C:/QSis/FisrtProjetcPSE/SoC1.sopcinfo
      1 [main] sh 1772 find_fast_cwd: WARNING: Couldn't compute FAST_CWD pointer.  Please report this problem to
the public mailing list cygwin@cygwin.com
      1 [main] uname 16356 find_fast_cwd: WARNING: Couldn't compute FAST_CWD pointer.  Please report this problem to
the public mailing list cygwin@cygwin.com
      1 [main] sh 15032 find_fast_cwd: WARNING: Couldn't compute FAST_CWD pointer.  Please report this problem to
the public mailing list cygwin@cygwin.com
Info: (SoC1.elf) 5380 Bytes program size (code + initialized data).
Info:            34 KBytes free for stack + heap.
      1 [main] echo 8640 find_fast_cwd: WARNING: Couldn't compute FAST_CWD pointer.  Please report this problem to
Info: Creating SoC1.objdump
the public mailing list cygwin@cygwin.com
nios2-elf-objdump --disassemble --syms --all-header --source SoC1.elf >SoC1.objdump
      1 [main] sh 17108 find_fast_cwd: WARNING: Couldn't compute FAST_CWD pointer.  Please report this problem to
the public mailing list cygwin@cygwin.com
      1 [main] sh 1312 find_fast_cwd: WARNING: Couldn't compute FAST_CWD pointer.  Please report this problem to
the public mailing list cygwin@cygwin.com
[SoC1 build complete]

**** Build Finished ****
