
**** Build of configuration Nios II for project SQRTx ****

make all 
      1 [main] sh 18476 find_fast_cwd: WARNING: Couldn't compute FAST_CWD pointer.  Please report this problem to
the public mailing list cygwin@cygwin.com
      1 [main] sh 5244 find_fast_cwd: WARNING: Couldn't compute FAST_CWD pointer.  Please report this problem to
the public mailing list cygwin@cygwin.com
      1 [main] echo 13308 find_fast_cwd: WARNING: Couldn't compute FAST_CWD pointer.  Please report this problem to
the public mailing list cygwin@cygwin.com
Info: Building ../SQRTx_bsp/
make --no-print-directory -C ../SQRTx_bsp/
      1 [main] pwd 8356 find_fast_cwd: WARNING: Couldn't compute FAST_CWD pointer.  Please report this problem to
the public mailing list cygwin@cygwin.com
      1 [main] sh 16532 find_fast_cwd: WARNING: Couldn't compute FAST_CWD pointer.  Please report this problem to
the public mailing list cygwin@cygwin.com
      1 [main] sh 10476 find_fast_cwd: WARNING: Couldn't compute FAST_CWD pointer.  Please report this problem to
the public mailing list cygwin@cygwin.com
[BSP build complete]
      1 [main] echo 18212 find_fast_cwd: WARNING: Couldn't compute FAST_CWD pointer.  Please report this problem to
Info: Compiling hello_world.c to obj/default/hello_world.o
the public mailing list cygwin@cygwin.com
      1 [main] mkdir 17900 find_fast_cwd: WARNING: Couldn't compute FAST_CWD pointer.  Please report this problem to
nios2-elf-gcc -xc -MP -MMD -c -I../SQRTx_bsp//HAL/inc -I../SQRTx_bsp/ -I../SQRTx_bsp//drivers/inc  -DSYSTEM_BUS_WIDTH=32 -pipe -D__hal__ -DALT_NO_C_PLUS_PLUS -DALT_NO_INSTRUCTION_EMULATION -DALT_USE_SMALL_DRIVERS -DSMALL_C_LIB -DALT_SINGLE_THREADED    -O0 -g -Wall   -EL -mno-hw-div -mno-hw-mul -mno-hw-mulx  -o obj/default/hello_world.o hello_world.c
the public mailing list cygwin@cygwin.com
      1 [main] true 16200 find_fast_cwd: WARNING: Couldn't compute FAST_CWD pointer.  Please report this problem to
the public mailing list cygwin@cygwin.com
      1 [main] echo 3020 find_fast_cwd: WARNING: Couldn't compute FAST_CWD pointer.  Please report this problem to
Info: Linking SQRTx.elf
the public mailing list cygwin@cygwin.com
nios2-elf-g++  -T'../SQRTx_bsp//linker.x' -msys-crt0='../SQRTx_bsp//obj/HAL/src/crt0.o' -msys-lib=hal_bsp -L../SQRTx_bsp/  -msmallc  -Wl,-Map=SQRTx.map   -O0 -g -Wall   -EL -mno-hw-div -mno-hw-mul -mno-hw-mulx  -o SQRTx.elf obj/default/hello_world.o -lm 
nios2-elf-insert SQRTx.elf --thread_model hal --cpu_name NIOS --qsys true --simulation_enabled false --id 0 --sidp 0x21060 --timestamp 1728608496 --stderr_dev JTAG --stdin_dev JTAG --stdout_dev JTAG --sopc_system_name SOC --quartus_project_dir "C:/QSis/FisrtProjetcPSE" --sopcinfo C:/QSis/FisrtProjetcPSE/SOC.sopcinfo
      1 [main] sh 2404 find_fast_cwd: WARNING: Couldn't compute FAST_CWD pointer.  Please report this problem to
the public mailing list cygwin@cygwin.com
      0 [main] uname 2248 find_fast_cwd: WARNING: Couldn't compute FAST_CWD pointer.  Please report this problem to
the public mailing list cygwin@cygwin.com
      1 [main] sh 18464 find_fast_cwd: WARNING: Couldn't compute FAST_CWD pointer.  Please report this problem to
the public mailing list cygwin@cygwin.com
Info: (SQRTx.elf) 12 KBytes program size (code + initialized data).
Info:             27 KBytes free for stack + heap.
      0 [main] echo 6520 find_fast_cwd: WARNING: Couldn't compute FAST_CWD pointer.  Please report this problem to
Info: Creating SQRTx.objdump
the public mailing list cygwin@cygwin.com
nios2-elf-objdump --disassemble --syms --all-header --source SQRTx.elf >SQRTx.objdump
      1 [main] sh 4552 find_fast_cwd: WARNING: Couldn't compute FAST_CWD pointer.  Please report this problem to
the public mailing list cygwin@cygwin.com
      0 [main] sh 17400 find_fast_cwd: WARNING: Couldn't compute FAST_CWD pointer.  Please report this problem to
the public mailing list cygwin@cygwin.com
[SQRTx build complete]

**** Build Finished ****
