Flow report for FirstProjectPSE
Wed Oct 30 11:14:04 2024
Quartus II 64-Bit Version 13.0.0 Build 156 04/24/2013 SJ Web Edition


---------------------
; Table of Contents ;
---------------------
  1. Legal Notice
  2. Flow Summary
  3. Flow Settings
  4. Flow Non-Default Global Settings
  5. Flow Elapsed Time
  6. Flow OS Summary
  7. Flow Log
  8. Flow Messages
  9. Flow Suppressed Messages



----------------
; Legal Notice ;
----------------
Copyright (C) 1991-2013 Altera Corporation
Your use of Altera Corporation's design tools, logic functions 
and other software and tools, and its AMPP partner logic 
functions, and any output files from any of the foregoing 
(including device programming or simulation files), and any 
associated documentation or information are expressly subject 
to the terms and conditions of the Altera Program License 
Subscription Agreement, Altera MegaCore Function License 
Agreement, or other applicable license agreement, including, 
without limitation, that your use is for the sole purpose of 
programming logic devices manufactured by Altera and sold by 
Altera or its authorized distributors.  Please refer to the 
applicable agreement for further details.



+---------------------------------------------------------------------------------+
; Flow Summary                                                                    ;
+------------------------------------+--------------------------------------------+
; Flow Status                        ; Successful - Wed Oct 30 11:14:04 2024      ;
; Quartus II 64-Bit Version          ; 13.0.0 Build 156 04/24/2013 SJ Web Edition ;
; Revision Name                      ; FirstProjectPSE                            ;
; Top-level Entity Name              ; FirstProjectPSE                            ;
; Family                             ; Cyclone III                                ;
; Device                             ; EP3C25F324C6                               ;
; Timing Models                      ; Final                                      ;
; Total logic elements               ; 4,791                                      ;
;     Total combinational functions  ; 4,457                                      ;
;     Dedicated logic registers      ; 2,632                                      ;
; Total registers                    ; 2632                                       ;
; Total pins                         ; 2                                          ;
; Total virtual pins                 ; 0                                          ;
; Total memory bits                  ; 677,888                                    ;
; Embedded Multiplier 9-bit elements ; 0                                          ;
; Total PLLs                         ; 0                                          ;
+------------------------------------+--------------------------------------------+


+-----------------------------------------+
; Flow Settings                           ;
+-------------------+---------------------+
; Option            ; Setting             ;
+-------------------+---------------------+
; Start date & time ; 10/30/2024 11:13:47 ;
; Main task         ; Compilation         ;
; Revision Name     ; FirstProjectPSE     ;
+-------------------+---------------------+


+-----------------------------------------------------------------------------------------------------------------------------------------------------------------+
; Flow Non-Default Global Settings                                                                                                                                ;
+-------------------------------------+--------------------------------------------------------+---------------+---------------------------------+----------------+
; Assignment Name                     ; Value                                                  ; Default Value ; Entity Name                     ; Section Id     ;
+-------------------------------------+--------------------------------------------------------+---------------+---------------------------------+----------------+
; COMPILER_SIGNATURE_ID               ; 229335798870892.173029762701280                        ; --            ; --                              ; --             ;
; EDA_OUTPUT_DATA_FORMAT              ; Verilog Hdl                                            ; --            ; --                              ; eda_simulation ;
; EDA_SIMULATION_TOOL                 ; ModelSim-Altera (Verilog)                              ; <None>        ; --                              ; --             ;
; IP_TOOL_ENV                         ; Qsys                                                   ; --            ; SoC1                            ; --             ;
; IP_TOOL_ENV                         ; Qsys                                                   ; --            ; SoC1_JTAG                       ; --             ;
; IP_TOOL_ENV                         ; Qsys                                                   ; --            ; SoC1_NIOS                       ; --             ;
; IP_TOOL_ENV                         ; Qsys                                                   ; --            ; SoC1_PCU                        ; --             ;
; IP_TOOL_ENV                         ; Qsys                                                   ; --            ; SoC1_RAM                        ; --             ;
; IP_TOOL_ENV                         ; Qsys                                                   ; --            ; SoC1_RECEIVE_REQ                ; --             ;
; IP_TOOL_ENV                         ; Qsys                                                   ; --            ; SoC1_REQ                        ; --             ;
; IP_TOOL_ENV                         ; Qsys                                                   ; --            ; SoC1_SYSID                      ; --             ;
; IP_TOOL_ENV                         ; Qsys                                                   ; --            ; SoC1_addr_router                ; --             ;
; IP_TOOL_ENV                         ; Qsys                                                   ; --            ; SoC1_addr_router_001            ; --             ;
; IP_TOOL_ENV                         ; Qsys                                                   ; --            ; SoC1_cmd_xbar_demux             ; --             ;
; IP_TOOL_ENV                         ; Qsys                                                   ; --            ; SoC1_cmd_xbar_demux_001         ; --             ;
; IP_TOOL_ENV                         ; Qsys                                                   ; --            ; SoC1_cmd_xbar_mux               ; --             ;
; IP_TOOL_ENV                         ; Qsys                                                   ; --            ; SoC1_id_router                  ; --             ;
; IP_TOOL_ENV                         ; Qsys                                                   ; --            ; SoC1_id_router_002              ; --             ;
; IP_TOOL_ENV                         ; Qsys                                                   ; --            ; SoC1_irq_mapper                 ; --             ;
; IP_TOOL_ENV                         ; Qsys                                                   ; --            ; SoC1_rsp_xbar_demux_002         ; --             ;
; IP_TOOL_ENV                         ; Qsys                                                   ; --            ; SoC1_rsp_xbar_mux               ; --             ;
; IP_TOOL_ENV                         ; Qsys                                                   ; --            ; SoC1_rsp_xbar_mux_001           ; --             ;
; IP_TOOL_ENV                         ; Qsys                                                   ; --            ; SoC2                            ; --             ;
; IP_TOOL_ENV                         ; Qsys                                                   ; --            ; SoC2_JTAG                       ; --             ;
; IP_TOOL_ENV                         ; Qsys                                                   ; --            ; SoC2_NIOS                       ; --             ;
; IP_TOOL_ENV                         ; Qsys                                                   ; --            ; SoC2_PCU                        ; --             ;
; IP_TOOL_ENV                         ; Qsys                                                   ; --            ; SoC2_RAM                        ; --             ;
; IP_TOOL_ENV                         ; Qsys                                                   ; --            ; SoC2_RECEIVE_REQ                ; --             ;
; IP_TOOL_ENV                         ; Qsys                                                   ; --            ; SoC2_REQ                        ; --             ;
; IP_TOOL_ENV                         ; Qsys                                                   ; --            ; SoC2_SYSID                      ; --             ;
; IP_TOOL_ENV                         ; Qsys                                                   ; --            ; SoC2_addr_router                ; --             ;
; IP_TOOL_ENV                         ; Qsys                                                   ; --            ; SoC2_addr_router_001            ; --             ;
; IP_TOOL_ENV                         ; Qsys                                                   ; --            ; SoC2_cmd_xbar_demux             ; --             ;
; IP_TOOL_ENV                         ; Qsys                                                   ; --            ; SoC2_cmd_xbar_demux_001         ; --             ;
; IP_TOOL_ENV                         ; Qsys                                                   ; --            ; SoC2_cmd_xbar_mux               ; --             ;
; IP_TOOL_ENV                         ; Qsys                                                   ; --            ; SoC2_id_router                  ; --             ;
; IP_TOOL_ENV                         ; Qsys                                                   ; --            ; SoC2_id_router_002              ; --             ;
; IP_TOOL_ENV                         ; Qsys                                                   ; --            ; SoC2_irq_mapper                 ; --             ;
; IP_TOOL_ENV                         ; Qsys                                                   ; --            ; SoC2_rsp_xbar_demux_002         ; --             ;
; IP_TOOL_ENV                         ; Qsys                                                   ; --            ; SoC2_rsp_xbar_mux               ; --             ;
; IP_TOOL_ENV                         ; Qsys                                                   ; --            ; SoC2_rsp_xbar_mux_001           ; --             ;
; IP_TOOL_ENV                         ; Qsys                                                   ; --            ; altera_avalon_sc_fifo           ; --             ;
; IP_TOOL_ENV                         ; Qsys                                                   ; --            ; altera_avalon_sc_fifo           ; --             ;
; IP_TOOL_ENV                         ; Qsys                                                   ; --            ; altera_merlin_master_agent      ; --             ;
; IP_TOOL_ENV                         ; Qsys                                                   ; --            ; altera_merlin_master_agent      ; --             ;
; IP_TOOL_ENV                         ; Qsys                                                   ; --            ; altera_merlin_master_translator ; --             ;
; IP_TOOL_ENV                         ; Qsys                                                   ; --            ; altera_merlin_master_translator ; --             ;
; IP_TOOL_ENV                         ; Qsys                                                   ; --            ; altera_merlin_slave_agent       ; --             ;
; IP_TOOL_ENV                         ; Qsys                                                   ; --            ; altera_merlin_slave_agent       ; --             ;
; IP_TOOL_ENV                         ; Qsys                                                   ; --            ; altera_merlin_slave_translator  ; --             ;
; IP_TOOL_ENV                         ; Qsys                                                   ; --            ; altera_merlin_slave_translator  ; --             ;
; IP_TOOL_ENV                         ; Qsys                                                   ; --            ; altera_reset_controller         ; --             ;
; IP_TOOL_ENV                         ; Qsys                                                   ; --            ; altera_reset_controller         ; --             ;
; IP_TOOL_NAME                        ; Qsys                                                   ; --            ; SoC1                            ; --             ;
; IP_TOOL_NAME                        ; altera_avalon_jtag_uart                                ; --            ; SoC1_JTAG                       ; --             ;
; IP_TOOL_NAME                        ; altera_nios2_qsys                                      ; --            ; SoC1_NIOS                       ; --             ;
; IP_TOOL_NAME                        ; altera_avalon_performance_counter                      ; --            ; SoC1_PCU                        ; --             ;
; IP_TOOL_NAME                        ; altera_avalon_onchip_memory2                           ; --            ; SoC1_RAM                        ; --             ;
; IP_TOOL_NAME                        ; altera_avalon_pio                                      ; --            ; SoC1_RECEIVE_REQ                ; --             ;
; IP_TOOL_NAME                        ; altera_avalon_pio                                      ; --            ; SoC1_REQ                        ; --             ;
; IP_TOOL_NAME                        ; altera_avalon_sysid_qsys                               ; --            ; SoC1_SYSID                      ; --             ;
; IP_TOOL_NAME                        ; altera_merlin_router                                   ; --            ; SoC1_addr_router                ; --             ;
; IP_TOOL_NAME                        ; altera_merlin_router                                   ; --            ; SoC1_addr_router_001            ; --             ;
; IP_TOOL_NAME                        ; altera_merlin_demultiplexer                            ; --            ; SoC1_cmd_xbar_demux             ; --             ;
; IP_TOOL_NAME                        ; altera_merlin_demultiplexer                            ; --            ; SoC1_cmd_xbar_demux_001         ; --             ;
; IP_TOOL_NAME                        ; altera_merlin_multiplexer                              ; --            ; SoC1_cmd_xbar_mux               ; --             ;
; IP_TOOL_NAME                        ; altera_merlin_router                                   ; --            ; SoC1_id_router                  ; --             ;
; IP_TOOL_NAME                        ; altera_merlin_router                                   ; --            ; SoC1_id_router_002              ; --             ;
; IP_TOOL_NAME                        ; altera_irq_mapper                                      ; --            ; SoC1_irq_mapper                 ; --             ;
; IP_TOOL_NAME                        ; altera_merlin_demultiplexer                            ; --            ; SoC1_rsp_xbar_demux_002         ; --             ;
; IP_TOOL_NAME                        ; altera_merlin_multiplexer                              ; --            ; SoC1_rsp_xbar_mux               ; --             ;
; IP_TOOL_NAME                        ; altera_merlin_multiplexer                              ; --            ; SoC1_rsp_xbar_mux_001           ; --             ;
; IP_TOOL_NAME                        ; Qsys                                                   ; --            ; SoC2                            ; --             ;
; IP_TOOL_NAME                        ; altera_avalon_jtag_uart                                ; --            ; SoC2_JTAG                       ; --             ;
; IP_TOOL_NAME                        ; altera_nios2_qsys                                      ; --            ; SoC2_NIOS                       ; --             ;
; IP_TOOL_NAME                        ; altera_avalon_performance_counter                      ; --            ; SoC2_PCU                        ; --             ;
; IP_TOOL_NAME                        ; altera_avalon_onchip_memory2                           ; --            ; SoC2_RAM                        ; --             ;
; IP_TOOL_NAME                        ; altera_avalon_pio                                      ; --            ; SoC2_RECEIVE_REQ                ; --             ;
; IP_TOOL_NAME                        ; altera_avalon_pio                                      ; --            ; SoC2_REQ                        ; --             ;
; IP_TOOL_NAME                        ; altera_avalon_sysid_qsys                               ; --            ; SoC2_SYSID                      ; --             ;
; IP_TOOL_NAME                        ; altera_merlin_router                                   ; --            ; SoC2_addr_router                ; --             ;
; IP_TOOL_NAME                        ; altera_merlin_router                                   ; --            ; SoC2_addr_router_001            ; --             ;
; IP_TOOL_NAME                        ; altera_merlin_demultiplexer                            ; --            ; SoC2_cmd_xbar_demux             ; --             ;
; IP_TOOL_NAME                        ; altera_merlin_demultiplexer                            ; --            ; SoC2_cmd_xbar_demux_001         ; --             ;
; IP_TOOL_NAME                        ; altera_merlin_multiplexer                              ; --            ; SoC2_cmd_xbar_mux               ; --             ;
; IP_TOOL_NAME                        ; altera_merlin_router                                   ; --            ; SoC2_id_router                  ; --             ;
; IP_TOOL_NAME                        ; altera_merlin_router                                   ; --            ; SoC2_id_router_002              ; --             ;
; IP_TOOL_NAME                        ; altera_irq_mapper                                      ; --            ; SoC2_irq_mapper                 ; --             ;
; IP_TOOL_NAME                        ; altera_merlin_demultiplexer                            ; --            ; SoC2_rsp_xbar_demux_002         ; --             ;
; IP_TOOL_NAME                        ; altera_merlin_multiplexer                              ; --            ; SoC2_rsp_xbar_mux               ; --             ;
; IP_TOOL_NAME                        ; altera_merlin_multiplexer                              ; --            ; SoC2_rsp_xbar_mux_001           ; --             ;
; IP_TOOL_NAME                        ; altera_avalon_sc_fifo                                  ; --            ; altera_avalon_sc_fifo           ; --             ;
; IP_TOOL_NAME                        ; altera_avalon_sc_fifo                                  ; --            ; altera_avalon_sc_fifo           ; --             ;
; IP_TOOL_NAME                        ; altera_merlin_master_agent                             ; --            ; altera_merlin_master_agent      ; --             ;
; IP_TOOL_NAME                        ; altera_merlin_master_agent                             ; --            ; altera_merlin_master_agent      ; --             ;
; IP_TOOL_NAME                        ; altera_merlin_master_translator                        ; --            ; altera_merlin_master_translator ; --             ;
; IP_TOOL_NAME                        ; altera_merlin_master_translator                        ; --            ; altera_merlin_master_translator ; --             ;
; IP_TOOL_NAME                        ; altera_merlin_slave_agent                              ; --            ; altera_merlin_slave_agent       ; --             ;
; IP_TOOL_NAME                        ; altera_merlin_slave_agent                              ; --            ; altera_merlin_slave_agent       ; --             ;
; IP_TOOL_NAME                        ; altera_merlin_slave_translator                         ; --            ; altera_merlin_slave_translator  ; --             ;
; IP_TOOL_NAME                        ; altera_merlin_slave_translator                         ; --            ; altera_merlin_slave_translator  ; --             ;
; IP_TOOL_NAME                        ; altera_reset_controller                                ; --            ; altera_reset_controller         ; --             ;
; IP_TOOL_NAME                        ; altera_reset_controller                                ; --            ; altera_reset_controller         ; --             ;
; IP_TOOL_VERSION                     ; 13.0                                                   ; --            ; SoC1                            ; --             ;
; IP_TOOL_VERSION                     ; 13.0.1                                                 ; --            ; SoC1_JTAG                       ; --             ;
; IP_TOOL_VERSION                     ; 13.0                                                   ; --            ; SoC1_NIOS                       ; --             ;
; IP_TOOL_VERSION                     ; 13.0.1                                                 ; --            ; SoC1_PCU                        ; --             ;
; IP_TOOL_VERSION                     ; 13.0.1                                                 ; --            ; SoC1_RAM                        ; --             ;
; IP_TOOL_VERSION                     ; 13.0.1                                                 ; --            ; SoC1_RECEIVE_REQ                ; --             ;
; IP_TOOL_VERSION                     ; 13.0.1                                                 ; --            ; SoC1_REQ                        ; --             ;
; IP_TOOL_VERSION                     ; 13.0                                                   ; --            ; SoC1_SYSID                      ; --             ;
; IP_TOOL_VERSION                     ; 13.0                                                   ; --            ; SoC1_addr_router                ; --             ;
; IP_TOOL_VERSION                     ; 13.0                                                   ; --            ; SoC1_addr_router_001            ; --             ;
; IP_TOOL_VERSION                     ; 13.0                                                   ; --            ; SoC1_cmd_xbar_demux             ; --             ;
; IP_TOOL_VERSION                     ; 13.0                                                   ; --            ; SoC1_cmd_xbar_demux_001         ; --             ;
; IP_TOOL_VERSION                     ; 13.0                                                   ; --            ; SoC1_cmd_xbar_mux               ; --             ;
; IP_TOOL_VERSION                     ; 13.0                                                   ; --            ; SoC1_id_router                  ; --             ;
; IP_TOOL_VERSION                     ; 13.0                                                   ; --            ; SoC1_id_router_002              ; --             ;
; IP_TOOL_VERSION                     ; 13.0                                                   ; --            ; SoC1_irq_mapper                 ; --             ;
; IP_TOOL_VERSION                     ; 13.0                                                   ; --            ; SoC1_rsp_xbar_demux_002         ; --             ;
; IP_TOOL_VERSION                     ; 13.0                                                   ; --            ; SoC1_rsp_xbar_mux               ; --             ;
; IP_TOOL_VERSION                     ; 13.0                                                   ; --            ; SoC1_rsp_xbar_mux_001           ; --             ;
; IP_TOOL_VERSION                     ; 13.0                                                   ; --            ; SoC2                            ; --             ;
; IP_TOOL_VERSION                     ; 13.0.1                                                 ; --            ; SoC2_JTAG                       ; --             ;
; IP_TOOL_VERSION                     ; 13.0                                                   ; --            ; SoC2_NIOS                       ; --             ;
; IP_TOOL_VERSION                     ; 13.0.1                                                 ; --            ; SoC2_PCU                        ; --             ;
; IP_TOOL_VERSION                     ; 13.0.1                                                 ; --            ; SoC2_RAM                        ; --             ;
; IP_TOOL_VERSION                     ; 13.0.1                                                 ; --            ; SoC2_RECEIVE_REQ                ; --             ;
; IP_TOOL_VERSION                     ; 13.0.1                                                 ; --            ; SoC2_REQ                        ; --             ;
; IP_TOOL_VERSION                     ; 13.0                                                   ; --            ; SoC2_SYSID                      ; --             ;
; IP_TOOL_VERSION                     ; 13.0                                                   ; --            ; SoC2_addr_router                ; --             ;
; IP_TOOL_VERSION                     ; 13.0                                                   ; --            ; SoC2_addr_router_001            ; --             ;
; IP_TOOL_VERSION                     ; 13.0                                                   ; --            ; SoC2_cmd_xbar_demux             ; --             ;
; IP_TOOL_VERSION                     ; 13.0                                                   ; --            ; SoC2_cmd_xbar_demux_001         ; --             ;
; IP_TOOL_VERSION                     ; 13.0                                                   ; --            ; SoC2_cmd_xbar_mux               ; --             ;
; IP_TOOL_VERSION                     ; 13.0                                                   ; --            ; SoC2_id_router                  ; --             ;
; IP_TOOL_VERSION                     ; 13.0                                                   ; --            ; SoC2_id_router_002              ; --             ;
; IP_TOOL_VERSION                     ; 13.0                                                   ; --            ; SoC2_irq_mapper                 ; --             ;
; IP_TOOL_VERSION                     ; 13.0                                                   ; --            ; SoC2_rsp_xbar_demux_002         ; --             ;
; IP_TOOL_VERSION                     ; 13.0                                                   ; --            ; SoC2_rsp_xbar_mux               ; --             ;
; IP_TOOL_VERSION                     ; 13.0                                                   ; --            ; SoC2_rsp_xbar_mux_001           ; --             ;
; IP_TOOL_VERSION                     ; 13.0                                                   ; --            ; altera_avalon_sc_fifo           ; --             ;
; IP_TOOL_VERSION                     ; 13.0                                                   ; --            ; altera_avalon_sc_fifo           ; --             ;
; IP_TOOL_VERSION                     ; 13.0                                                   ; --            ; altera_merlin_master_agent      ; --             ;
; IP_TOOL_VERSION                     ; 13.0                                                   ; --            ; altera_merlin_master_agent      ; --             ;
; IP_TOOL_VERSION                     ; 13.0                                                   ; --            ; altera_merlin_master_translator ; --             ;
; IP_TOOL_VERSION                     ; 13.0                                                   ; --            ; altera_merlin_master_translator ; --             ;
; IP_TOOL_VERSION                     ; 13.0                                                   ; --            ; altera_merlin_slave_agent       ; --             ;
; IP_TOOL_VERSION                     ; 13.0                                                   ; --            ; altera_merlin_slave_agent       ; --             ;
; IP_TOOL_VERSION                     ; 13.0                                                   ; --            ; altera_merlin_slave_translator  ; --             ;
; IP_TOOL_VERSION                     ; 13.0                                                   ; --            ; altera_merlin_slave_translator  ; --             ;
; IP_TOOL_VERSION                     ; 13.0                                                   ; --            ; altera_reset_controller         ; --             ;
; IP_TOOL_VERSION                     ; 13.0                                                   ; --            ; altera_reset_controller         ; --             ;
; MAX_CORE_JUNCTION_TEMP              ; 85                                                     ; --            ; --                              ; --             ;
; MIN_CORE_JUNCTION_TEMP              ; 0                                                      ; --            ; --                              ; --             ;
; MISC_FILE                           ; ../qsys/SoC2/SoC2/synthesis/../../SoC2.cmp             ; --            ; --                              ; --             ;
; MISC_FILE                           ; ../qsys/SoC2/SoC2/synthesis/../../SoC2.qsys            ; --            ; --                              ; --             ;
; MISC_FILE                           ; ../qsys/SoC1/SoC1/synthesis/../../SoC1.cmp             ; --            ; --                              ; --             ;
; MISC_FILE                           ; ../qsys/SoC1/SoC1/synthesis/../../SoC1.qsys            ; --            ; --                              ; --             ;
; NOMINAL_CORE_SUPPLY_VOLTAGE         ; 1.2V                                                   ; --            ; --                              ; --             ;
; PARTITION_COLOR                     ; 16764057                                               ; --            ; --                              ; Top            ;
; PARTITION_FITTER_PRESERVATION_LEVEL ; PLACEMENT_AND_ROUTING                                  ; --            ; --                              ; Top            ;
; PARTITION_NETLIST_TYPE              ; SOURCE                                                 ; --            ; --                              ; Top            ;
; POWER_BOARD_THERMAL_MODEL           ; None (CONSERVATIVE)                                    ; --            ; --                              ; --             ;
; POWER_PRESET_COOLING_SOLUTION       ; 23 MM HEAT SINK WITH 200 LFPM AIRFLOW                  ; --            ; --                              ; --             ;
; PROJECT_OUTPUT_DIRECTORY            ; output_files                                           ; --            ; --                              ; --             ;
; SLD_INFO                            ; QSYS_NAME SoC1 HAS_SOPCINFO 1 GENERATION_ID 1730297491 ; --            ; SoC1                            ; --             ;
; SLD_INFO                            ; QSYS_NAME SoC2 HAS_SOPCINFO 1 GENERATION_ID 1730297458 ; --            ; SoC2                            ; --             ;
; SOPCINFO_FILE                       ; ../qsys/SoC2/SoC2/synthesis/../../SoC2.sopcinfo        ; --            ; --                              ; --             ;
; SOPCINFO_FILE                       ; ../qsys/SoC1/SoC1/synthesis/../../SoC1.sopcinfo        ; --            ; --                              ; --             ;
; SYNTHESIS_ONLY_QIP                  ; On                                                     ; --            ; --                              ; --             ;
; SYNTHESIS_ONLY_QIP                  ; On                                                     ; --            ; --                              ; --             ;
+-------------------------------------+--------------------------------------------------------+---------------+---------------------------------+----------------+


+--------------------------------------------------------------------------------------------------------------------------+
; Flow Elapsed Time                                                                                                        ;
+----------------------+--------------+-------------------------+---------------------+------------------------------------+
; Module Name          ; Elapsed Time ; Average Processors Used ; Peak Virtual Memory ; Total CPU Time (on all processors) ;
+----------------------+--------------+-------------------------+---------------------+------------------------------------+
; Analysis & Synthesis ; 00:00:17     ; 1.0                     ; 4801 MB             ; 00:00:10                           ;
; Total                ; 00:00:17     ; --                      ; --                  ; 00:00:10                           ;
+----------------------+--------------+-------------------------+---------------------+------------------------------------+


+-----------------------------------------------------------------------------------+
; Flow OS Summary                                                                   ;
+----------------------+------------------+-----------+------------+----------------+
; Module Name          ; Machine Hostname ; OS Name   ; OS Version ; Processor type ;
+----------------------+------------------+-----------+------------+----------------+
; Analysis & Synthesis ; ghost            ; Windows 7 ; 6.2        ; x86_64         ;
+----------------------+------------------+-----------+------------+----------------+


------------
; Flow Log ;
------------
quartus_map --read_settings_files=on --write_settings_files=off FirstProjectPSE -c FirstProjectPSE



