
**** Build of configuration Nios II for project SoC2 ****

make all 
      1 [main] sh 1596 find_fast_cwd: WARNING: Couldn't compute FAST_CWD pointer.  Please report this problem to
the public mailing list cygwin@cygwin.com
      1 [main] sh 10648 find_fast_cwd: WARNING: Couldn't compute FAST_CWD pointer.  Please report this problem to
the public mailing list cygwin@cygwin.com
      1 [main] echo 5572 find_fast_cwd: WARNING: Couldn't compute FAST_CWD pointer.  Please report this problem to
the public mailing list cygwin@cygwin.com
Info: Building ../SoC2_bsp/
make --no-print-directory -C ../SoC2_bsp/
      1 [main] pwd 4672 find_fast_cwd: WARNING: Couldn't compute FAST_CWD pointer.  Please report this problem to
the public mailing list cygwin@cygwin.com
      1 [main] sh 4928 find_fast_cwd: WARNING: Couldn't compute FAST_CWD pointer.  Please report this problem to
the public mailing list cygwin@cygwin.com
      1 [main] sh 11284 find_fast_cwd: WARNING: Couldn't compute FAST_CWD pointer.  Please report this problem to
the public mailing list cygwin@cygwin.com
[BSP build complete]
      1 [main] echo 4864 find_fast_cwd: WARNING: Couldn't compute FAST_CWD pointer.  Please report this problem to
Info: Compiling SoC2.c to obj/default/SoC2.o
the public mailing list cygwin@cygwin.com
      1 [main] mkdir 6948 find_fast_cwd: WARNING: Couldn't compute FAST_CWD pointer.  Please report this problem to
nios2-elf-gcc -xc -MP -MMD -c -I../SoC2_bsp//HAL/inc -I../SoC2_bsp/ -I../SoC2_bsp//drivers/inc  -DSYSTEM_BUS_WIDTH=32 -pipe -D__hal__ -DALT_NO_C_PLUS_PLUS -DALT_NO_INSTRUCTION_EMULATION -DALT_USE_SMALL_DRIVERS -DSMALL_C_LIB -DALT_SINGLE_THREADED    -O0 -g -Wall   -EL -mno-hw-div -mno-hw-mul -mno-hw-mulx  -o obj/default/SoC2.o SoC2.c
the public mailing list cygwin@cygwin.com
      1 [main] true 6608 find_fast_cwd: WARNING: Couldn't compute FAST_CWD pointer.  Please report this problem to
the public mailing list cygwin@cygwin.com
      1 [main] echo 13572 find_fast_cwd: WARNING: Couldn't compute FAST_CWD pointer.  Please report this problem to
Info: Linking SoC2.elf
the public mailing list cygwin@cygwin.com
nios2-elf-g++  -T'../SoC2_bsp//linker.x' -msys-crt0='../SoC2_bsp//obj/HAL/src/crt0.o' -msys-lib=hal_bsp -L../SoC2_bsp/  -msmallc  -Wl,-Map=SoC2.map   -O0 -g -Wall   -EL -mno-hw-div -mno-hw-mul -mno-hw-mulx  -o SoC2.elf obj/default/SoC2.o -lm 
nios2-elf-insert SoC2.elf --thread_model hal --cpu_name NIOS --qsys true --simulation_enabled false --id 0 --sidp 0x21080 --timestamp 1729829009 --stderr_dev JTAG --stdin_dev JTAG --stdout_dev JTAG --sopc_system_name SoC2 --quartus_project_dir "C:/QSis/FisrtProjetcPSE" --sopcinfo C:/QSis/FisrtProjetcPSE/SoC2.sopcinfo
      1 [main] sh 7548 find_fast_cwd: WARNING: Couldn't compute FAST_CWD pointer.  Please report this problem to
the public mailing list cygwin@cygwin.com
      1 [main] uname 2340 find_fast_cwd: WARNING: Couldn't compute FAST_CWD pointer.  Please report this problem to
the public mailing list cygwin@cygwin.com
      1 [main] sh 2140 find_fast_cwd: WARNING: Couldn't compute FAST_CWD pointer.  Please report this problem to
the public mailing list cygwin@cygwin.com
Info: (SoC2.elf) 5384 Bytes program size (code + initialized data).
Info:            34 KBytes free for stack + heap.
      1 [main] echo 13488 find_fast_cwd: WARNING: Couldn't compute FAST_CWD pointer.  Please report this problem to
the public mailing list cygwin@cygwin.com
Info: Creating SoC2.objdump
nios2-elf-objdump --disassemble --syms --all-header --source SoC2.elf >SoC2.objdump
      1 [main] sh 2620 find_fast_cwd: WARNING: Couldn't compute FAST_CWD pointer.  Please report this problem to
the public mailing list cygwin@cygwin.com
      1 [main] sh 7476 find_fast_cwd: WARNING: Couldn't compute FAST_CWD pointer.  Please report this problem to
the public mailing list cygwin@cygwin.com
[SoC2 build complete]

**** Build Finished ****
